2016/01/09 18:49:55 [/eccube-2.13.5/html/admin/index.php] access error. from ::1
2016/01/09 18:49:55 [/eccube-2.13.5/html/admin/index.php] login: user=admin(2) auth=0 lastlogin= sid= from ::1
2016/01/09 18:49:55 [/eccube-2.13.5/html/admin/home.php] access : user=admin auth=0 sid=k6e6d8bubnoqhsob1dt75b6e26 from ::1
2016/01/09 19:20:17 [/eccube-2.13.5/html/admin/index.php] access : user=admin auth=0 sid=nkbhm79964qklfh7091ve1h950 from ::1
2016/01/09 19:20:17 [/eccube-2.13.5/html/admin/index.php] login: user=admin(2) auth=0 lastlogin=2016-01-09 18:49:55 sid=nkbhm79964qklfh7091ve1h950 from ::1
2016/01/09 19:20:18 [/eccube-2.13.5/html/admin/home.php] access : user=admin auth=0 sid=nkbhm79964qklfh7091ve1h950 from ::1
2016/01/09 19:20:26 [/eccube-2.13.5/html/admin/ownersstore/index.php] access : user=admin auth=0 sid=nkbhm79964qklfh7091ve1h950 from ::1
2016/01/09 19:20:45 [/eccube-2.13.5/html/admin/ownersstore/index.php] access : user=admin auth=0 sid=nkbhm79964qklfh7091ve1h950 from ::1
2016/01/09 19:26:59 [/eccube-2.13.5/html/admin/ownersstore/index.php] access : user=admin auth=0 sid=nkbhm79964qklfh7091ve1h950 from ::1
2016/01/09 19:26:59 [/eccube-2.13.5/html/admin/ownersstore/index.php] ExportCataloguePDF.tar -> C:/xampp/htdocs/eccube-2.13.5/html/upload/temp_plugin/ExportCataloguePDF.tar from ::1
2016/01/09 19:26:59 [/eccube-2.13.5/html/admin/ownersstore/index.php] 解凍: C:/xampp/htdocs/eccube-2.13.5/html/../data/downloads/tmp/plugin_install/ExportCataloguePDF.tar -> C:/xampp/htdocs/eccube-2.13.5/html/../data/downloads/tmp/plugin_install from ::1
2016/01/09 19:27:00 [/eccube-2.13.5/html/admin/ownersstore/index.php] C:/xampp/htdocs/eccube-2.13.5/html/../data/downloads/tmp/plugin_install//class/helper を削除します. from ::1
2016/01/09 19:27:00 [/eccube-2.13.5/html/admin/ownersstore/index.php] C:/xampp/htdocs/eccube-2.13.5/html/../data/downloads/tmp/plugin_install//class/pages を削除します. from ::1
2016/01/09 19:27:00 [/eccube-2.13.5/html/admin/ownersstore/index.php] C:/xampp/htdocs/eccube-2.13.5/html/../data/downloads/tmp/plugin_install//class/page_extends を削除します. from ::1
2016/01/09 19:27:00 [/eccube-2.13.5/html/admin/ownersstore/index.php] C:/xampp/htdocs/eccube-2.13.5/html/../data/downloads/tmp/plugin_install//class を削除します. from ::1
2016/01/09 19:27:00 [/eccube-2.13.5/html/admin/ownersstore/index.php] C:/xampp/htdocs/eccube-2.13.5/html/../data/downloads/tmp/plugin_install//html を削除します. from ::1
2016/01/09 19:27:00 [/eccube-2.13.5/html/admin/ownersstore/index.php] C:/xampp/htdocs/eccube-2.13.5/html/../data/downloads/tmp/plugin_install//resources/img を削除します. from ::1
2016/01/09 19:27:00 [/eccube-2.13.5/html/admin/ownersstore/index.php] C:/xampp/htdocs/eccube-2.13.5/html/../data/downloads/tmp/plugin_install//resources/js を削除します. from ::1
2016/01/09 19:27:00 [/eccube-2.13.5/html/admin/ownersstore/index.php] C:/xampp/htdocs/eccube-2.13.5/html/../data/downloads/tmp/plugin_install//resources を削除します. from ::1
2016/01/09 19:27:00 [/eccube-2.13.5/html/admin/ownersstore/index.php] C:/xampp/htdocs/eccube-2.13.5/html/../data/downloads/tmp/plugin_install//templates を削除します. from ::1
2016/01/09 19:27:00 [/eccube-2.13.5/html/admin/ownersstore/index.php] C:/xampp/htdocs/eccube-2.13.5/html/../data/downloads/tmp/plugin_install/ を削除します. from ::1
2016/01/09 19:27:00 [/eccube-2.13.5/html/admin/ownersstore/index.php] C:/xampp/htdocs/eccube-2.13.5/html/../data/Smarty/templates_c/default/ を削除します. from ::1
2016/01/09 19:27:00 [/eccube-2.13.5/html/admin/ownersstore/index.php] C:/xampp/htdocs/eccube-2.13.5/html/../data/Smarty/templates_c/admin/ を削除します. from ::1
2016/01/09 19:27:00 [/eccube-2.13.5/html/admin/ownersstore/index.php] C:/xampp/htdocs/eccube-2.13.5/html/../data/Smarty/templates_c/sphone/ を削除します. from ::1
2016/01/09 19:27:00 [/eccube-2.13.5/html/admin/ownersstore/index.php] C:/xampp/htdocs/eccube-2.13.5/html/../data/Smarty/templates_c/mobile/ を削除します. from ::1
2016/01/09 19:27:11 [/eccube-2.13.5/html/admin/ownersstore/index.php] access : user=admin auth=0 sid=nkbhm79964qklfh7091ve1h950 from ::1
2016/01/09 19:27:12 [/eccube-2.13.5/html/admin/ownersstore/index.php] C:/xampp/htdocs/eccube-2.13.5/html/../data/Smarty/templates_c/default/ を削除します. from ::1
2016/01/09 19:27:12 [/eccube-2.13.5/html/admin/ownersstore/index.php] C:/xampp/htdocs/eccube-2.13.5/html/../data/Smarty/templates_c/admin/ を削除します. from ::1
2016/01/09 19:27:12 [/eccube-2.13.5/html/admin/ownersstore/index.php] C:/xampp/htdocs/eccube-2.13.5/html/../data/Smarty/templates_c/sphone/ を削除します. from ::1
2016/01/09 19:27:12 [/eccube-2.13.5/html/admin/ownersstore/index.php] C:/xampp/htdocs/eccube-2.13.5/html/../data/Smarty/templates_c/mobile/ を削除します. from ::1
2016/01/11 22:44:34 [/eccube-2.13.5/html/admin/index.php] access error. from ::1
2016/01/11 22:44:34 [/eccube-2.13.5/html/admin/index.php] login: user=admin(2) auth=0 lastlogin=2016-01-09 19:20:17 sid= from ::1
2016/01/11 22:44:34 [/eccube-2.13.5/html/admin/home.php] access : user=admin auth=0 sid=i57pfe6s3no00hab1mdj5hh9p3 from ::1
2016/01/11 22:45:01 [/eccube-2.13.5/html/admin/order/index.php] access : user=admin auth=0 sid=i57pfe6s3no00hab1mdj5hh9p3 from ::1
2016/01/11 22:45:03 [/eccube-2.13.5/html/admin/order/index.php] access : user=admin auth=0 sid=i57pfe6s3no00hab1mdj5hh9p3 from ::1
2016/01/11 22:45:09 [/eccube-2.13.5/html/admin/order/pdf.php] access : user=admin auth=0 sid=i57pfe6s3no00hab1mdj5hh9p3 from ::1
2016/01/11 22:45:30 [/eccube-2.13.5/html/admin/order/pdf.php] access : user=admin auth=0 sid=i57pfe6s3no00hab1mdj5hh9p3 from ::1
2016/01/11 22:45:33 [/eccube-2.13.5/html/admin/order/pdf.php] access : user=admin auth=0 sid=i57pfe6s3no00hab1mdj5hh9p3 from ::1
2016/01/11 22:45:51 [/eccube-2.13.5/html/admin/order/edit.php] access : user=admin auth=0 sid=i57pfe6s3no00hab1mdj5hh9p3 from ::1
2016/01/11 22:46:07 [/eccube-2.13.5/html/admin/order/edit.php] access : user=admin auth=0 sid=i57pfe6s3no00hab1mdj5hh9p3 from ::1
2016/01/11 22:46:41 [/eccube-2.13.5/html/admin/order/index.php] access : user=admin auth=0 sid=i57pfe6s3no00hab1mdj5hh9p3 from ::1
2016/01/11 22:50:50 [/eccube-2.13.5/html/admin/order/index.php] access : user=admin auth=0 sid=i57pfe6s3no00hab1mdj5hh9p3 from ::1
2016/01/11 22:50:52 [/eccube-2.13.5/html/admin/order/index.php] access : user=admin auth=0 sid=i57pfe6s3no00hab1mdj5hh9p3 from ::1
2016/01/11 22:50:56 [/eccube-2.13.5/html/admin/order/edit.php] access : user=admin auth=0 sid=i57pfe6s3no00hab1mdj5hh9p3 from ::1
2016/01/11 22:51:09 [/eccube-2.13.5/html/admin/order/edit.php] access : user=admin auth=0 sid=i57pfe6s3no00hab1mdj5hh9p3 from ::1
2016/01/11 23:10:19 [/eccube-2.13.5/html/admin/basis/tradelaw.php] access : user=admin auth=0 sid=i57pfe6s3no00hab1mdj5hh9p3 from ::1
2016/01/11 23:10:23 [/eccube-2.13.5/html/admin/basis/index.php] access : user=admin auth=0 sid=i57pfe6s3no00hab1mdj5hh9p3 from ::1
2016/01/12 00:15:57 [/eccube-2.13.5/html/admin/order/status.php] access : user=admin auth=0 sid=rntv8b9j00s424ogetfauo5nl7 from ::1
2016/01/12 00:16:03 [/eccube-2.13.5/html/admin/order/status.php] access : user=admin auth=0 sid=rntv8b9j00s424ogetfauo5nl7 from ::1
2016/01/12 00:16:05 [/eccube-2.13.5/html/admin/order/status.php] access : user=admin auth=0 sid=rntv8b9j00s424ogetfauo5nl7 from ::1
2016/01/12 00:16:16 [/eccube-2.13.5/html/admin/total/index.php] access : user=admin auth=0 sid=rntv8b9j00s424ogetfauo5nl7 from ::1
2016/01/12 00:16:22 [/eccube-2.13.5/html/admin/total/index.php] access : user=admin auth=0 sid=rntv8b9j00s424ogetfauo5nl7 from ::1
2016/01/12 00:16:23 [/eccube-2.13.5/html/admin/total/index.php] access : user=admin auth=0 sid=rntv8b9j00s424ogetfauo5nl7 from ::1
2016/01/12 00:16:48 [/eccube-2.13.5/html/admin/total/index.php] access : user=admin auth=0 sid=rntv8b9j00s424ogetfauo5nl7 from ::1
2016/01/12 00:16:51 [/eccube-2.13.5/html/admin/total/index.php] access : user=admin auth=0 sid=rntv8b9j00s424ogetfauo5nl7 from ::1
2016/01/12 00:16:55 [/eccube-2.13.5/html/admin/total/index.php] access : user=admin auth=0 sid=rntv8b9j00s424ogetfauo5nl7 from ::1
2016/01/12 00:16:55 [/eccube-2.13.5/html/admin/total/index.php] access : user=admin auth=0 sid=rntv8b9j00s424ogetfauo5nl7 from ::1
2016/01/12 00:26:16 [/eccube-2.13.5/html/admin/products/product.php] access : user=admin auth=0 sid=rntv8b9j00s424ogetfauo5nl7 from ::1
2016/01/12 00:26:50 [/eccube-2.13.5/html/admin/home.php] access : user=admin auth=0 sid=rntv8b9j00s424ogetfauo5nl7 from ::1
2016/02/15 12:27:29 [/eccube-2.13.5/html/admin/index.php] admin password incorrect. from ::1
2016/02/15 12:27:37 [/eccube-2.13.5/html/admin/index.php] admin password incorrect. from ::1
2016/02/15 12:27:45 [/eccube-2.13.5/html/admin/index.php] access error. from ::1
2016/02/15 12:27:45 [/eccube-2.13.5/html/admin/index.php] login: user=admin(2) auth=0 lastlogin=2016-01-11 22:44:34 sid= from ::1
2016/02/15 12:27:46 [/eccube-2.13.5/html/admin/home.php] access : user=admin auth=0 sid=65qihi7tl897h4vhdclueknkg3 from ::1
2016/02/15 12:28:29 [/eccube-2.13.5/html/admin/ownersstore/index.php] access : user=admin auth=0 sid=65qihi7tl897h4vhdclueknkg3 from ::1
2016/02/15 13:29:09 [/eccube-2.13.5/html/admin/system/parameter.php] access : user=admin auth=0 sid=65qihi7tl897h4vhdclueknkg3 from ::1
2016/02/15 22:43:44 [/doantotnghiep/html/admin/index.php] access error. from ::1
2016/02/15 22:43:44 [/doantotnghiep/html/admin/index.php] login: user=admin(2) auth=0 lastlogin= sid= from ::1
2016/02/15 22:43:45 [/doantotnghiep/html/admin/home.php] access : user=admin auth=0 sid=vb3kd7omib62eqmsprr79cmh37 from ::1
2016/02/15 22:48:55 [/doantotnghiep/html/admin/customer/edit.php] access : user=admin auth=0 sid=vb3kd7omib62eqmsprr79cmh37 from ::1
2016/02/15 22:49:53 [/doantotnghiep/html/admin/customer/edit.php] access : user=admin auth=0 sid=vb3kd7omib62eqmsprr79cmh37 from ::1
2016/02/15 22:49:59 [/doantotnghiep/html/admin/customer/edit.php] access : user=admin auth=0 sid=vb3kd7omib62eqmsprr79cmh37 from ::1
2016/02/15 22:49:59 [/doantotnghiep/html/admin/customer/edit.php] access : user=admin auth=0 sid=vb3kd7omib62eqmsprr79cmh37 from ::1
2016/02/15 22:50:02 [/doantotnghiep/html/admin/customer/edit.php] access : user=admin auth=0 sid=vb3kd7omib62eqmsprr79cmh37 from ::1
2016/02/15 22:50:38 [/doantotnghiep/html/admin/ownersstore/index.php] access : user=admin auth=0 sid=81uor4v3ur3lk4m5b0l5g56j95 from ::1
2016/02/15 22:57:11 [/doantotnghiep/html/admin/ownersstore/index.php] access : user=admin auth=0 sid=81uor4v3ur3lk4m5b0l5g56j95 from ::1
2016/02/15 22:57:11 [/doantotnghiep/html/admin/ownersstore/index.php] plg_ExportCatalogue.tar -> C:/xampp/htdocs/doantotnghiep/html/upload/temp_plugin/plg_ExportCatalogue.tar from ::1
2016/02/15 22:57:12 [/doantotnghiep/html/admin/ownersstore/index.php] 解凍: C:/xampp/htdocs/doantotnghiep/html/../data/downloads/tmp/plugin_install/plg_ExportCatalogue.tar -> C:/xampp/htdocs/doantotnghiep/html/../data/downloads/tmp/plugin_install from ::1
2016/02/15 22:57:12 [/doantotnghiep/html/admin/ownersstore/index.php] C:/xampp/htdocs/doantotnghiep/html/../data/downloads/tmp/plugin_install//plg_ExportCatalogue/class/helper を削除します. from ::1
2016/02/15 22:57:12 [/doantotnghiep/html/admin/ownersstore/index.php] C:/xampp/htdocs/doantotnghiep/html/../data/downloads/tmp/plugin_install//plg_ExportCatalogue/class/pages を削除します. from ::1
2016/02/15 22:57:12 [/doantotnghiep/html/admin/ownersstore/index.php] C:/xampp/htdocs/doantotnghiep/html/../data/downloads/tmp/plugin_install//plg_ExportCatalogue/class/page_extends を削除します. from ::1
2016/02/15 22:57:12 [/doantotnghiep/html/admin/ownersstore/index.php] C:/xampp/htdocs/doantotnghiep/html/../data/downloads/tmp/plugin_install//plg_ExportCatalogue/class を削除します. from ::1
2016/02/15 22:57:12 [/doantotnghiep/html/admin/ownersstore/index.php] C:/xampp/htdocs/doantotnghiep/html/../data/downloads/tmp/plugin_install//plg_ExportCatalogue/html を削除します. from ::1
2016/02/15 22:57:12 [/doantotnghiep/html/admin/ownersstore/index.php] C:/xampp/htdocs/doantotnghiep/html/../data/downloads/tmp/plugin_install//plg_ExportCatalogue/resources/img を削除します. from ::1
2016/02/15 22:57:12 [/doantotnghiep/html/admin/ownersstore/index.php] C:/xampp/htdocs/doantotnghiep/html/../data/downloads/tmp/plugin_install//plg_ExportCatalogue/resources/js を削除します. from ::1
2016/02/15 22:57:12 [/doantotnghiep/html/admin/ownersstore/index.php] C:/xampp/htdocs/doantotnghiep/html/../data/downloads/tmp/plugin_install//plg_ExportCatalogue/resources を削除します. from ::1
2016/02/15 22:57:12 [/doantotnghiep/html/admin/ownersstore/index.php] C:/xampp/htdocs/doantotnghiep/html/../data/downloads/tmp/plugin_install//plg_ExportCatalogue/templates を削除します. from ::1
2016/02/15 22:57:12 [/doantotnghiep/html/admin/ownersstore/index.php] C:/xampp/htdocs/doantotnghiep/html/../data/downloads/tmp/plugin_install//plg_ExportCatalogue を削除します. from ::1
2016/02/15 22:57:12 [/doantotnghiep/html/admin/ownersstore/index.php] C:/xampp/htdocs/doantotnghiep/html/../data/downloads/tmp/plugin_install/ を削除します. from ::1
2016/02/15 22:59:07 [/doantotnghiep/html/admin/ownersstore/index.php] access : user=admin auth=0 sid=81uor4v3ur3lk4m5b0l5g56j95 from ::1
2016/02/15 22:59:07 [/doantotnghiep/html/admin/ownersstore/index.php] plg_ExportCatalogue.tar -> C:/xampp/htdocs/doantotnghiep/html/upload/temp_plugin/plg_ExportCatalogue.tar from ::1
2016/02/15 22:59:07 [/doantotnghiep/html/admin/ownersstore/index.php] 解凍: C:/xampp/htdocs/doantotnghiep/html/../data/downloads/tmp/plugin_install/plg_ExportCatalogue.tar -> C:/xampp/htdocs/doantotnghiep/html/../data/downloads/tmp/plugin_install from ::1
2016/02/15 22:59:08 [/doantotnghiep/html/admin/ownersstore/index.php] C:/xampp/htdocs/doantotnghiep/html/../data/downloads/tmp/plugin_install//class/helper を削除します. from ::1
2016/02/15 22:59:08 [/doantotnghiep/html/admin/ownersstore/index.php] C:/xampp/htdocs/doantotnghiep/html/../data/downloads/tmp/plugin_install//class/pages を削除します. from ::1
2016/02/15 22:59:08 [/doantotnghiep/html/admin/ownersstore/index.php] C:/xampp/htdocs/doantotnghiep/html/../data/downloads/tmp/plugin_install//class/page_extends を削除します. from ::1
2016/02/15 22:59:08 [/doantotnghiep/html/admin/ownersstore/index.php] C:/xampp/htdocs/doantotnghiep/html/../data/downloads/tmp/plugin_install//class を削除します. from ::1
2016/02/15 22:59:08 [/doantotnghiep/html/admin/ownersstore/index.php] C:/xampp/htdocs/doantotnghiep/html/../data/downloads/tmp/plugin_install//html を削除します. from ::1
2016/02/15 22:59:08 [/doantotnghiep/html/admin/ownersstore/index.php] C:/xampp/htdocs/doantotnghiep/html/../data/downloads/tmp/plugin_install//resources/img を削除します. from ::1
2016/02/15 22:59:08 [/doantotnghiep/html/admin/ownersstore/index.php] C:/xampp/htdocs/doantotnghiep/html/../data/downloads/tmp/plugin_install//resources/js を削除します. from ::1
2016/02/15 22:59:08 [/doantotnghiep/html/admin/ownersstore/index.php] C:/xampp/htdocs/doantotnghiep/html/../data/downloads/tmp/plugin_install//resources を削除します. from ::1
2016/02/15 22:59:08 [/doantotnghiep/html/admin/ownersstore/index.php] C:/xampp/htdocs/doantotnghiep/html/../data/downloads/tmp/plugin_install//templates を削除します. from ::1
2016/02/15 22:59:08 [/doantotnghiep/html/admin/ownersstore/index.php] C:/xampp/htdocs/doantotnghiep/html/../data/downloads/tmp/plugin_install/ を削除します. from ::1
2016/02/15 22:59:08 [/doantotnghiep/html/admin/ownersstore/index.php] C:/xampp/htdocs/doantotnghiep/html/../data/Smarty/templates_c/default/ を削除します. from ::1
2016/02/15 22:59:08 [/doantotnghiep/html/admin/ownersstore/index.php] C:/xampp/htdocs/doantotnghiep/html/../data/Smarty/templates_c/admin/ を削除します. from ::1
2016/02/15 22:59:08 [/doantotnghiep/html/admin/ownersstore/index.php] C:/xampp/htdocs/doantotnghiep/html/../data/Smarty/templates_c/sphone/ を削除します. from ::1
2016/02/15 22:59:08 [/doantotnghiep/html/admin/ownersstore/index.php] C:/xampp/htdocs/doantotnghiep/html/../data/Smarty/templates_c/mobile/ を削除します. from ::1
2016/02/15 22:59:13 [/doantotnghiep/html/admin/ownersstore/index.php] access : user=admin auth=0 sid=81uor4v3ur3lk4m5b0l5g56j95 from ::1
2016/02/15 22:59:13 [/doantotnghiep/html/admin/ownersstore/index.php] C:/xampp/htdocs/doantotnghiep/html/../data/Smarty/templates_c/default/ を削除します. from ::1
2016/02/15 22:59:13 [/doantotnghiep/html/admin/ownersstore/index.php] C:/xampp/htdocs/doantotnghiep/html/../data/Smarty/templates_c/admin/ を削除します. from ::1
2016/02/15 22:59:13 [/doantotnghiep/html/admin/ownersstore/index.php] C:/xampp/htdocs/doantotnghiep/html/../data/Smarty/templates_c/sphone/ を削除します. from ::1
2016/02/15 22:59:13 [/doantotnghiep/html/admin/ownersstore/index.php] C:/xampp/htdocs/doantotnghiep/html/../data/Smarty/templates_c/mobile/ を削除します. from ::1
