2016/02/15 12:29:51 [/eccube-2.13.5/html/products/export_catalogue_show.php] Warning(E_USER_WARNING): ページ情報を取得できませんでした。 on [C:\xampp\htdocs\eccube-2.13.5\data\class\helper\SC_Helper_PageLayout.php(58)] from ::1
2016/02/15 12:29:51 [/eccube-2.13.5/html/products/export_catalogue_show.php] Warning(E_USER_WARNING): メイン部のテンプレートが存在しません。[C:/xampp/htdocs/eccube-2.13.5/html/../data/Smarty/templates/default/.tpl] on [C:\xampp\htdocs\eccube-2.13.5\data\class\helper\SC_Helper_PageLayout.php(65)] from ::1
2016/02/15 12:29:52 [/eccube-2.13.5/html/products/export_catalogue.php] Warning(E_USER_WARNING): Smarty error: unable to read resource: &quot;&quot; on [C:\xampp\htdocs\eccube-2.13.5\data\module\Smarty\libs\Smarty.class.php(1094)] from ::1
2016/02/15 12:53:30 [/eccube-2.13.5/html/products/export_catalogue_show.php] Warning(E_USER_WARNING): ページ情報を取得できませんでした。 on [C:\xampp\htdocs\eccube-2.13.5\data\class\helper\SC_Helper_PageLayout.php(58)] from ::1
2016/02/15 12:53:30 [/eccube-2.13.5/html/products/export_catalogue_show.php] Warning(E_USER_WARNING): メイン部のテンプレートが存在しません。[C:/xampp/htdocs/eccube-2.13.5/html/../data/Smarty/templates/default/.tpl] on [C:\xampp\htdocs\eccube-2.13.5\data\class\helper\SC_Helper_PageLayout.php(65)] from ::1
2016/02/15 12:53:31 [/eccube-2.13.5/html/products/export_catalogue.php] Warning(E_USER_WARNING): Smarty error: unable to read resource: &quot;&quot; on [C:\xampp\htdocs\eccube-2.13.5\data\module\Smarty\libs\Smarty.class.php(1094)] from ::1
2016/02/15 13:18:02 [/eccube-2.13.5/html/products/export_catalogue_show.php] Warning(E_USER_WARNING): ページ情報を取得できませんでした。 on [C:\xampp\htdocs\eccube-2.13.5\data\class\helper\SC_Helper_PageLayout.php(58)] from ::1
2016/02/15 13:18:02 [/eccube-2.13.5/html/products/export_catalogue_show.php] Warning(E_USER_WARNING): メイン部のテンプレートが存在しません。[C:/xampp/htdocs/eccube-2.13.5/html/../data/Smarty/templates/default/.tpl] on [C:\xampp\htdocs\eccube-2.13.5\data\class\helper\SC_Helper_PageLayout.php(65)] from ::1
2016/02/15 13:32:06 [/eccube-2.13.5/html/products/export_catalogue_show.php] Warning(E_USER_WARNING): ページ情報を取得できませんでした。 on [C:\xampp\htdocs\eccube-2.13.5\data\class\helper\SC_Helper_PageLayout.php(58)] from ::1
2016/02/15 13:32:06 [/eccube-2.13.5/html/products/export_catalogue_show.php] Warning(E_USER_WARNING): メイン部のテンプレートが存在しません。[C:/xampp/htdocs/eccube-2.13.5/html/../data/Smarty/templates/default/.tpl] on [C:\xampp\htdocs\eccube-2.13.5\data\class\helper\SC_Helper_PageLayout.php(65)] from ::1
2016/02/15 13:32:20 [/eccube-2.13.5/html/products/export_catalogue_show.php] Warning(E_USER_WARNING): ページ情報を取得できませんでした。 on [C:\xampp\htdocs\eccube-2.13.5\data\class\helper\SC_Helper_PageLayout.php(58)] from ::1
2016/02/15 13:32:20 [/eccube-2.13.5/html/products/export_catalogue_show.php] Warning(E_USER_WARNING): メイン部のテンプレートが存在しません。[C:/xampp/htdocs/eccube-2.13.5/html/../data/Smarty/templates/default/.tpl] on [C:\xampp\htdocs\eccube-2.13.5\data\class\helper\SC_Helper_PageLayout.php(65)] from ::1
2016/02/15 13:37:11 [/eccube-2.13.5/html/products/export_catalogue_show.php] Warning(E_USER_WARNING): ページ情報を取得できませんでした。 on [C:\xampp\htdocs\eccube-2.13.5\data\class\helper\SC_Helper_PageLayout.php(58)] from ::1
2016/02/15 13:37:11 [/eccube-2.13.5/html/products/export_catalogue_show.php] Warning(E_USER_WARNING): メイン部のテンプレートが存在しません。[C:/xampp/htdocs/eccube-2.13.5/html/../data/Smarty/templates/default/.tpl] on [C:\xampp\htdocs\eccube-2.13.5\data\class\helper\SC_Helper_PageLayout.php(65)] from ::1
2016/02/15 13:37:11 [/eccube-2.13.5/html/products/export_catalogue.php] Warning(E_USER_WARNING): Smarty error: unable to read resource: &quot;&quot; on [C:\xampp\htdocs\eccube-2.13.5\data\module\Smarty\libs\Smarty.class.php(1094)] from ::1
2016/02/15 13:43:03 [/eccube-2.13.5/html/products/export_catalogue_show.php] Warning(E_USER_WARNING): ページ情報を取得できませんでした。 on [C:\xampp\htdocs\eccube-2.13.5\data\class\helper\SC_Helper_PageLayout.php(58)] from ::1
2016/02/15 13:43:03 [/eccube-2.13.5/html/products/export_catalogue_show.php] Warning(E_USER_WARNING): メイン部のテンプレートが存在しません。[C:/xampp/htdocs/eccube-2.13.5/html/../data/Smarty/templates/default/.tpl] on [C:\xampp\htdocs\eccube-2.13.5\data\class\helper\SC_Helper_PageLayout.php(65)] from ::1
2016/02/15 13:43:03 [/eccube-2.13.5/html/products/export_catalogue.php] Warning(E_USER_WARNING): Smarty error: unable to read resource: &quot;&quot; on [C:\xampp\htdocs\eccube-2.13.5\data\module\Smarty\libs\Smarty.class.php(1094)] from ::1
2016/02/15 13:44:18 [/eccube-2.13.5/html/products/export_catalogue_show.php] Warning(E_USER_WARNING): ページ情報を取得できませんでした。 on [C:\xampp\htdocs\eccube-2.13.5\data\class\helper\SC_Helper_PageLayout.php(58)] from ::1
2016/02/15 13:44:18 [/eccube-2.13.5/html/products/export_catalogue_show.php] Warning(E_USER_WARNING): メイン部のテンプレートが存在しません。[C:/xampp/htdocs/eccube-2.13.5/html/../data/Smarty/templates/default/.tpl] on [C:\xampp\htdocs\eccube-2.13.5\data\class\helper\SC_Helper_PageLayout.php(65)] from ::1
2016/02/15 13:44:18 [/eccube-2.13.5/html/products/export_catalogue.php] Warning(E_USER_WARNING): Smarty error: unable to read resource: &quot;&quot; on [C:\xampp\htdocs\eccube-2.13.5\data\module\Smarty\libs\Smarty.class.php(1094)] from ::1
2016/02/15 13:44:19 [/eccube-2.13.5/html/products/export_catalogue.php] Warning(E_USER_WARNING): Smarty error: unable to read resource: &quot;&quot; on [C:\xampp\htdocs\eccube-2.13.5\data\module\Smarty\libs\Smarty.class.php(1094)] from ::1
2016/02/15 13:44:33 [/eccube-2.13.5/html/products/export_catalogue_show.php] Warning(E_USER_WARNING): ページ情報を取得できませんでした。 on [C:\xampp\htdocs\eccube-2.13.5\data\class\helper\SC_Helper_PageLayout.php(58)] from ::1
2016/02/15 13:44:33 [/eccube-2.13.5/html/products/export_catalogue_show.php] Warning(E_USER_WARNING): メイン部のテンプレートが存在しません。[C:/xampp/htdocs/eccube-2.13.5/html/../data/Smarty/templates/default/.tpl] on [C:\xampp\htdocs\eccube-2.13.5\data\class\helper\SC_Helper_PageLayout.php(65)] from ::1
2016/02/15 13:44:34 [/eccube-2.13.5/html/products/export_catalogue.php] Fatal error(E_USER_ERROR): DB処理でエラーが発生しました。
SQL: [SELECT alldtl.product_id FROM dtb_products AS alldtl WHERE alldtl.del_flg = 0 AND alldtl.status = 1  AND EXISTS (SELECT * FROM dtb_product_categories WHERE category_id IN (?) AND product_id = alldtl.product_id)  ORDER BY (SELECT price02 FROM dtb_products AS T2 WHERE T2.product_id = alldtl.product_id  ORDER BY T2.price02 ASC  LIMIT 1 OFFSET 0) ASC, product_id ]
MDB2 Error: no such field
_doQuery: [Error message: Could not execute statement]
[Last executed query: PREPARE mdb2_statement_mysql_8db341c6ac342077002d5a6cf0461d5ecd52df61b FROM 'SELECT alldtl.product_id FROM dtb_products AS alldtl WHERE alldtl.del_flg = 0 AND alldtl.status = 1  AND EXISTS (SELECT * FROM dtb_product_categories WHERE category_id IN (?) AND product_id = alldtl.product_id)  ORDER BY (SELECT price02 FROM dtb_products AS T2 WHERE T2.product_id = alldtl.product_id  ORDER BY T2.price02 ASC  LIMIT 1 OFFSET 0) ASC, product_id ']
[Native code: 1054]
[Native message: Unknown column 'price02' in 'field list']
 on [C:\xampp\htdocs\eccube-2.13.5\data\class\SC_Query.php(1095)] from ::1
customer_id = 
C:\xampp\htdocs\eccube-2.13.5\html\products\export_catalogue.php(12): plg_ExportCatalogue_LC_Page_Products_PdfExport->process
C:\xampp\htdocs\eccube-2.13.5\data\downloads\plugin\plg_ExportCatalogue\class\pages\plg_ExportCatalogue_LC_Page_Products_PdfExport.php(28): plg_ExportCatalogue_LC_Page_Products_PdfExport->createPdf
C:\xampp\htdocs\eccube-2.13.5\data\downloads\plugin\plg_ExportCatalogue\class\pages\plg_ExportCatalogue_LC_Page_Products_PdfExport.php(39): plg_ExportCatalogue_LC_Page_Products_PdfExport->getCatalogueData
C:\xampp\htdocs\eccube-2.13.5\data\downloads\plugin\plg_ExportCatalogue\class\pages\plg_ExportCatalogue_LC_Page_Products_PdfExport.php(88): plg_ExportCatalogue_LC_Page_Products_PdfExport->lfGetProductsList
C:\xampp\htdocs\eccube-2.13.5\data\downloads\plugin\plg_ExportCatalogue\class\pages\plg_ExportCatalogue_LC_Page_Products_PdfExport.php(130): SC_Product->findProductIdsOrder
C:\xampp\htdocs\eccube-2.13.5\data\class\SC_Product.php(90): SC_Query->getCol
C:\xampp\htdocs\eccube-2.13.5\data\class\SC_Query.php(766): SC_Query->prepare
C:\xampp\htdocs\eccube-2.13.5\data\class\SC_Query.php(1024): SC_Query->error
C:\xampp\htdocs\eccube-2.13.5\data\class\SC_Query.php(1095): trigger_error
2016/02/15 13:45:36 [/eccube-2.13.5/html/products/export_catalogue_show.php] Warning(E_USER_WARNING): ページ情報を取得できませんでした。 on [C:\xampp\htdocs\eccube-2.13.5\data\class\helper\SC_Helper_PageLayout.php(58)] from ::1
2016/02/15 13:45:36 [/eccube-2.13.5/html/products/export_catalogue_show.php] Warning(E_USER_WARNING): メイン部のテンプレートが存在しません。[C:/xampp/htdocs/eccube-2.13.5/html/../data/Smarty/templates/default/.tpl] on [C:\xampp\htdocs\eccube-2.13.5\data\class\helper\SC_Helper_PageLayout.php(65)] from ::1
2016/02/15 13:45:37 [/eccube-2.13.5/html/products/export_catalogue.php] Fatal error(E_USER_ERROR): DB処理でエラーが発生しました。
SQL: [SELECT alldtl.product_id FROM dtb_products AS alldtl WHERE alldtl.del_flg = 0 AND alldtl.status = 1  AND EXISTS (SELECT * FROM dtb_product_categories WHERE category_id IN (?) AND product_id = alldtl.product_id)  ORDER BY (SELECT price02 FROM dtb_products AS T2 WHERE T2.product_id = alldtl.product_id  ORDER BY T2.price02 ASC  LIMIT 1 OFFSET 0) ASC, product_id ]
MDB2 Error: no such field
_doQuery: [Error message: Could not execute statement]
[Last executed query: PREPARE mdb2_statement_mysql_819e3e0a405ceb60fabcb014ba10a842f76266d30 FROM 'SELECT alldtl.product_id FROM dtb_products AS alldtl WHERE alldtl.del_flg = 0 AND alldtl.status = 1  AND EXISTS (SELECT * FROM dtb_product_categories WHERE category_id IN (?) AND product_id = alldtl.product_id)  ORDER BY (SELECT price02 FROM dtb_products AS T2 WHERE T2.product_id = alldtl.product_id  ORDER BY T2.price02 ASC  LIMIT 1 OFFSET 0) ASC, product_id ']
[Native code: 1054]
[Native message: Unknown column 'price02' in 'field list']
 on [C:\xampp\htdocs\eccube-2.13.5\data\class\SC_Query.php(1095)] from ::1
customer_id = 
C:\xampp\htdocs\eccube-2.13.5\html\products\export_catalogue.php(12): plg_ExportCatalogue_LC_Page_Products_PdfExport->process
C:\xampp\htdocs\eccube-2.13.5\data\downloads\plugin\plg_ExportCatalogue\class\pages\plg_ExportCatalogue_LC_Page_Products_PdfExport.php(28): plg_ExportCatalogue_LC_Page_Products_PdfExport->createPdf
C:\xampp\htdocs\eccube-2.13.5\data\downloads\plugin\plg_ExportCatalogue\class\pages\plg_ExportCatalogue_LC_Page_Products_PdfExport.php(39): plg_ExportCatalogue_LC_Page_Products_PdfExport->getCatalogueData
C:\xampp\htdocs\eccube-2.13.5\data\downloads\plugin\plg_ExportCatalogue\class\pages\plg_ExportCatalogue_LC_Page_Products_PdfExport.php(88): plg_ExportCatalogue_LC_Page_Products_PdfExport->lfGetProductsList
C:\xampp\htdocs\eccube-2.13.5\data\downloads\plugin\plg_ExportCatalogue\class\pages\plg_ExportCatalogue_LC_Page_Products_PdfExport.php(130): SC_Product->findProductIdsOrder
C:\xampp\htdocs\eccube-2.13.5\data\class\SC_Product.php(90): SC_Query->getCol
C:\xampp\htdocs\eccube-2.13.5\data\class\SC_Query.php(766): SC_Query->prepare
C:\xampp\htdocs\eccube-2.13.5\data\class\SC_Query.php(1024): SC_Query->error
C:\xampp\htdocs\eccube-2.13.5\data\class\SC_Query.php(1095): trigger_error
2016/02/15 13:46:31 [/eccube-2.13.5/html/products/export_catalogue_show.php] Warning(E_USER_WARNING): ページ情報を取得できませんでした。 on [C:\xampp\htdocs\eccube-2.13.5\data\class\helper\SC_Helper_PageLayout.php(58)] from ::1
2016/02/15 13:46:31 [/eccube-2.13.5/html/products/export_catalogue_show.php] Warning(E_USER_WARNING): メイン部のテンプレートが存在しません。[C:/xampp/htdocs/eccube-2.13.5/html/../data/Smarty/templates/default/.tpl] on [C:\xampp\htdocs\eccube-2.13.5\data\class\helper\SC_Helper_PageLayout.php(65)] from ::1
2016/02/15 13:46:40 [/eccube-2.13.5/html/products/export_catalogue_show.php] Warning(E_USER_WARNING): ページ情報を取得できませんでした。 on [C:\xampp\htdocs\eccube-2.13.5\data\class\helper\SC_Helper_PageLayout.php(58)] from ::1
2016/02/15 13:46:40 [/eccube-2.13.5/html/products/export_catalogue_show.php] Warning(E_USER_WARNING): メイン部のテンプレートが存在しません。[C:/xampp/htdocs/eccube-2.13.5/html/../data/Smarty/templates/default/.tpl] on [C:\xampp\htdocs\eccube-2.13.5\data\class\helper\SC_Helper_PageLayout.php(65)] from ::1
2016/02/15 13:46:40 [/eccube-2.13.5/html/products/export_catalogue.php] Warning(E_USER_WARNING): Smarty error: unable to read resource: &quot;&quot; on [C:\xampp\htdocs\eccube-2.13.5\data\module\Smarty\libs\Smarty.class.php(1094)] from ::1
2016/02/15 13:46:56 [/eccube-2.13.5/html/products/export_catalogue_show.php] Warning(E_USER_WARNING): ページ情報を取得できませんでした。 on [C:\xampp\htdocs\eccube-2.13.5\data\class\helper\SC_Helper_PageLayout.php(58)] from ::1
2016/02/15 13:46:56 [/eccube-2.13.5/html/products/export_catalogue_show.php] Warning(E_USER_WARNING): メイン部のテンプレートが存在しません。[C:/xampp/htdocs/eccube-2.13.5/html/../data/Smarty/templates/default/.tpl] on [C:\xampp\htdocs\eccube-2.13.5\data\class\helper\SC_Helper_PageLayout.php(65)] from ::1
2016/02/15 13:46:56 [/eccube-2.13.5/html/products/export_catalogue.php] Warning(E_USER_WARNING): Smarty error: unable to read resource: &quot;&quot; on [C:\xampp\htdocs\eccube-2.13.5\data\module\Smarty\libs\Smarty.class.php(1094)] from ::1
2016/02/15 13:47:07 [/eccube-2.13.5/html/products/export_catalogue_show.php] Warning(E_USER_WARNING): ページ情報を取得できませんでした。 on [C:\xampp\htdocs\eccube-2.13.5\data\class\helper\SC_Helper_PageLayout.php(58)] from ::1
2016/02/15 13:47:07 [/eccube-2.13.5/html/products/export_catalogue_show.php] Warning(E_USER_WARNING): メイン部のテンプレートが存在しません。[C:/xampp/htdocs/eccube-2.13.5/html/../data/Smarty/templates/default/.tpl] on [C:\xampp\htdocs\eccube-2.13.5\data\class\helper\SC_Helper_PageLayout.php(65)] from ::1
2016/02/15 13:47:07 [/eccube-2.13.5/html/products/export_catalogue.php] Warning(E_USER_WARNING): Smarty error: unable to read resource: &quot;&quot; on [C:\xampp\htdocs\eccube-2.13.5\data\module\Smarty\libs\Smarty.class.php(1094)] from ::1
2016/02/15 13:47:07 [/eccube-2.13.5/html/products/export_catalogue.php] Warning(E_USER_WARNING): Smarty error: unable to read resource: &quot;&quot; on [C:\xampp\htdocs\eccube-2.13.5\data\module\Smarty\libs\Smarty.class.php(1094)] from ::1
